2024-11-22 21:06:55 [main] INFO  c.example.pruebas.PruebasApplication - Starting PruebasApplication using Java 21.0.1 with PID 1852 (C:\Users\alexa\OneDrive\Documentos\backend\tpi\TP\pruebas\target\classes started by alexa in C:\Users\alexa\OneDrive\Documentos\backend\tpi\TP)
2024-11-22 21:06:55 [main] INFO  c.example.pruebas.PruebasApplication - No active profile set, falling back to 1 default profile: "default"
2024-11-22 21:06:56 [main] INFO  o.s.d.r.c.RepositoryConfigurationDelegate - Bootstrapping Spring Data JPA repositories in DEFAULT mode.
2024-11-22 21:06:56 [main] INFO  o.s.d.r.c.RepositoryConfigurationDelegate - Finished Spring Data repository scanning in 91 ms. Found 8 JPA repository interfaces.
2024-11-22 21:06:57 [main] INFO  o.s.b.w.e.tomcat.TomcatWebServer - Tomcat initialized with port 8081 (http)
2024-11-22 21:06:57 [main] INFO  o.a.coyote.http11.Http11NioProtocol - Initializing ProtocolHandler ["http-nio-8081"]
2024-11-22 21:06:57 [main] INFO  o.a.catalina.core.StandardService - Starting service [Tomcat]
2024-11-22 21:06:57 [main] INFO  o.a.catalina.core.StandardEngine - Starting Servlet engine: [Apache Tomcat/10.1.31]
2024-11-22 21:06:57 [main] INFO  o.a.c.c.C.[Tomcat].[localhost].[/] - Initializing Spring embedded WebApplicationContext
2024-11-22 21:06:57 [main] INFO  o.s.b.w.s.c.ServletWebServerApplicationContext - Root WebApplicationContext: initialization completed in 2056 ms
2024-11-22 21:06:58 [main] INFO  o.h.jpa.internal.util.LogHelper - HHH000204: Processing PersistenceUnitInfo [name: default]
2024-11-22 21:06:58 [main] INFO  org.hibernate.Version - HHH000412: Hibernate ORM core version 6.6.1.Final
2024-11-22 21:06:58 [main] INFO  o.h.c.i.RegionFactoryInitiator - HHH000026: Second-level cache disabled
2024-11-22 21:06:58 [main] INFO  o.s.o.j.p.SpringPersistenceUnitInfo - No LoadTimeWeaver setup: ignoring JPA class transformer
2024-11-22 21:06:58 [main] INFO  com.zaxxer.hikari.HikariDataSource - HikariPool-1 - Starting...
2024-11-22 21:06:58 [main] INFO  com.zaxxer.hikari.pool.HikariPool - HikariPool-1 - Added connection org.sqlite.jdbc4.JDBC4Connection@4b00d59
2024-11-22 21:06:58 [main] INFO  com.zaxxer.hikari.HikariDataSource - HikariPool-1 - Start completed.
2024-11-22 21:06:58 [main] INFO  o.hibernate.orm.connections.pooling - HHH10001005: Database info:
	Database JDBC URL [Connecting through datasource 'HikariDataSource (HikariPool-1)']
	Database driver: undefined/unknown
	Database version: 3.46.1
	Autocommit mode: undefined/unknown
	Isolation level: undefined/unknown
	Minimum pool size: undefined/unknown
	Maximum pool size: undefined/unknown
2024-11-22 21:07:00 [main] INFO  o.h.e.t.j.p.i.JtaPlatformInitiator - HHH000489: No JTA platform available (set 'hibernate.transaction.jta.platform' to enable JTA platform integration)
2024-11-22 21:07:00 [main] INFO  o.s.o.j.LocalContainerEntityManagerFactoryBean - Initialized JPA EntityManagerFactory for persistence unit 'default'
2024-11-22 21:07:00 [main] WARN  o.s.b.a.o.j.JpaBaseConfiguration$JpaWebConfiguration - spring.jpa.open-in-view is enabled by default. Therefore, database queries may be performed during view rendering. Explicitly configure spring.jpa.open-in-view to disable this warning
2024-11-22 21:07:01 [main] INFO  o.s.b.a.e.web.EndpointLinksResolver - Exposing 1 endpoint beneath base path '/actuator'
2024-11-22 21:07:02 [main] INFO  o.a.coyote.http11.Http11NioProtocol - Starting ProtocolHandler ["http-nio-8081"]
2024-11-22 21:07:02 [main] INFO  o.s.b.w.e.tomcat.TomcatWebServer - Tomcat started on port 8081 (http) with context path '/'
2024-11-22 21:07:02 [main] INFO  c.example.pruebas.PruebasApplication - Started PruebasApplication in 6.994 seconds (process running for 7.849)
2024-11-22 21:07:02 [RMI TCP Connection(3)-192.168.100.9] INFO  o.a.c.c.C.[Tomcat].[localhost].[/] - Initializing Spring DispatcherServlet 'dispatcherServlet'
2024-11-22 21:07:02 [RMI TCP Connection(3)-192.168.100.9] INFO  o.s.web.servlet.DispatcherServlet - Initializing Servlet 'dispatcherServlet'
2024-11-22 21:07:02 [RMI TCP Connection(3)-192.168.100.9] INFO  o.s.web.servlet.DispatcherServlet - Completed initialization in 4 ms
2024-11-22 21:07:07 [http-nio-8081-exec-7] INFO  o.s.api.AbstractOpenApiResource - Init duration for springdoc-openapi is: 373 ms
2024-11-22 21:10:30 [http-nio-8081-exec-2] INFO  c.e.p.c.PromocionController - Enviando promocion por id 1
2024-11-22 21:10:30 [http-nio-8081-exec-2] INFO  c.e.p.s.i.PromocionServiceImpl - Listando detalles de la promocion
2024-11-22 21:10:30 [http-nio-8081-exec-2] INFO  c.e.p.s.i.PromocionServiceImpl - Modelando mail
2024-11-22 21:10:30 [http-nio-8081-exec-2] INFO  c.e.p.s.i.PromocionServiceImpl - Generando notificacion
2024-11-22 21:10:36 [http-nio-8081-exec-2] INFO  c.e.p.c.PromocionController - Promocion enviada con exito
2024-11-22 21:11:47 [SpringApplicationShutdownHook] INFO  o.s.o.j.LocalContainerEntityManagerFactoryBean - Closing JPA EntityManagerFactory for persistence unit 'default'
2024-11-22 21:11:47 [SpringApplicationShutdownHook] INFO  com.zaxxer.hikari.HikariDataSource - HikariPool-1 - Shutdown initiated...
2024-11-22 21:11:47 [SpringApplicationShutdownHook] INFO  com.zaxxer.hikari.HikariDataSource - HikariPool-1 - Shutdown completed.
